2018-12-15 00:50:27.149486 -> Crawl HTML Document from http://www.ceic.ac.cn/speedsearch?time=7,please wait for about 40s(max 60s)
2018-12-15 00:50:32.146645 -> Handling the input forms on http://www.ceic.ac.cn/speedsearch?time=7
2018-12-15 00:50:32.146745 -> Run Pruning on http://www.ceic.ac.cn/speedsearch?time=7
2018-12-15 00:50:32.148615 -> Run Partial Tree Matching on http://www.ceic.ac.cn/speedsearch?time=7
2018-12-15 00:50:32.163339 -> Run Backtracking on http://www.ceic.ac.cn/speedsearch?time=7
2018-12-15 00:50:32.163724 -> Merging and generating rules and blocks on http://www.ceic.ac.cn/speedsearch?time=7,process:0%
2018-12-15 00:50:32.163797 -> Merging and generating rules and blocks on http://www.ceic.ac.cn/speedsearch?time=7，process:0%
2018-12-15 00:50:32.197339 -> Merging and generating rules and blocks on http://www.ceic.ac.cn/speedsearch?time=7，process:2%
2018-12-15 00:50:32.223767 -> Merging and generating rules and blocks on http://www.ceic.ac.cn/speedsearch?time=7，process:4%
2018-12-15 00:50:32.248204 -> Merging and generating rules and blocks on http://www.ceic.ac.cn/speedsearch?time=7，process:5%
2018-12-15 00:50:32.271896 -> Merging and generating rules and blocks on http://www.ceic.ac.cn/speedsearch?time=7，process:7%
2018-12-15 00:50:32.295409 -> Merging and generating rules and blocks on http://www.ceic.ac.cn/speedsearch?time=7，process:9%
2018-12-15 00:50:32.317796 -> Merging and generating rules and blocks on http://www.ceic.ac.cn/speedsearch?time=7，process:11%
2018-12-15 00:50:32.641152 -> Merging and generating rules and blocks on http://www.ceic.ac.cn/speedsearch?time=7，process:12%
2018-12-15 00:50:32.695115 -> Merging and generating rules and blocks on http://www.ceic.ac.cn/speedsearch?time=7，process:14%
2018-12-15 00:50:32.968880 -> Merging and generating rules and blocks on http://www.ceic.ac.cn/speedsearch?time=7，process:16%
2018-12-15 00:50:33.021907 -> Merging and generating rules and blocks on http://www.ceic.ac.cn/speedsearch?time=7，process:18%
2018-12-15 00:50:33.075079 -> Merging and generating rules and blocks on http://www.ceic.ac.cn/speedsearch?time=7，process:20%
2018-12-15 00:50:33.128649 -> Merging and generating rules and blocks on http://www.ceic.ac.cn/speedsearch?time=7，process:21%
2018-12-15 00:50:33.484594 -> Merging and generating rules and blocks on http://www.ceic.ac.cn/speedsearch?time=7，process:23%
2018-12-15 00:50:34.009848 -> Merging and generating rules and blocks on http://www.ceic.ac.cn/speedsearch?time=7，process:25%
2018-12-15 00:50:34.046602 -> Merging and generating rules and blocks on http://www.ceic.ac.cn/speedsearch?time=7，process:27%
2018-12-15 00:50:34.083632 -> Merging and generating rules and blocks on http://www.ceic.ac.cn/speedsearch?time=7，process:29%
2018-12-15 00:50:34.292949 -> Merging and generating rules and blocks on http://www.ceic.ac.cn/speedsearch?time=7，process:30%
2018-12-15 00:50:34.473198 -> Merging and generating rules and blocks on http://www.ceic.ac.cn/speedsearch?time=7，process:32%
2018-12-15 00:50:34.660908 -> Merging and generating rules and blocks on http://www.ceic.ac.cn/speedsearch?time=7，process:34%
2018-12-15 00:50:34.851888 -> Merging and generating rules and blocks on http://www.ceic.ac.cn/speedsearch?time=7，process:36%
2018-12-15 00:50:35.044545 -> Merging and generating rules and blocks on http://www.ceic.ac.cn/speedsearch?time=7，process:38%
2018-12-15 00:50:35.249243 -> Merging and generating rules and blocks on http://www.ceic.ac.cn/speedsearch?time=7，process:39%
2018-12-15 00:50:35.430690 -> Merging and generating rules and blocks on http://www.ceic.ac.cn/speedsearch?time=7，process:41%
2018-12-15 00:50:35.609455 -> Merging and generating rules and blocks on http://www.ceic.ac.cn/speedsearch?time=7，process:43%
2018-12-15 00:50:35.798766 -> Merging and generating rules and blocks on http://www.ceic.ac.cn/speedsearch?time=7，process:45%
2018-12-15 00:50:35.990089 -> Merging and generating rules and blocks on http://www.ceic.ac.cn/speedsearch?time=7，process:46%
2018-12-15 00:50:36.173040 -> Merging and generating rules and blocks on http://www.ceic.ac.cn/speedsearch?time=7，process:48%
2018-12-15 00:50:36.378915 -> Merging and generating rules and blocks on http://www.ceic.ac.cn/speedsearch?time=7，process:50%
2018-12-15 00:50:36.560326 -> Merging and generating rules and blocks on http://www.ceic.ac.cn/speedsearch?time=7，process:52%
2018-12-15 00:50:36.746431 -> Merging and generating rules and blocks on http://www.ceic.ac.cn/speedsearch?time=7，process:54%
2018-12-15 00:50:36.953394 -> Merging and generating rules and blocks on http://www.ceic.ac.cn/speedsearch?time=7，process:55%
2018-12-15 00:50:37.136315 -> Merging and generating rules and blocks on http://www.ceic.ac.cn/speedsearch?time=7，process:57%
2018-12-15 00:50:37.349361 -> Merging and generating rules and blocks on http://www.ceic.ac.cn/speedsearch?time=7，process:59%
2018-12-15 00:50:37.531538 -> Merging and generating rules and blocks on http://www.ceic.ac.cn/speedsearch?time=7，process:61%
2018-12-15 00:50:37.719043 -> Merging and generating rules and blocks on http://www.ceic.ac.cn/speedsearch?time=7，process:62%
2018-12-15 00:50:37.921151 -> Merging and generating rules and blocks on http://www.ceic.ac.cn/speedsearch?time=7，process:64%
2018-12-15 00:50:37.944308 -> Merging and generating rules and blocks on http://www.ceic.ac.cn/speedsearch?time=7，process:66%
2018-12-15 00:50:37.967606 -> Merging and generating rules and blocks on http://www.ceic.ac.cn/speedsearch?time=7，process:68%
2018-12-15 00:50:37.990215 -> Merging and generating rules and blocks on http://www.ceic.ac.cn/speedsearch?time=7，process:70%
2018-12-15 00:50:38.014017 -> Merging and generating rules and blocks on http://www.ceic.ac.cn/speedsearch?time=7，process:71%
2018-12-15 00:50:38.036835 -> Merging and generating rules and blocks on http://www.ceic.ac.cn/speedsearch?time=7，process:73%
2018-12-15 00:50:38.059363 -> Merging and generating rules and blocks on http://www.ceic.ac.cn/speedsearch?time=7，process:75%
2018-12-15 00:50:38.147957 -> Merging and generating rules and blocks on http://www.ceic.ac.cn/speedsearch?time=7，process:77%
2018-12-15 00:50:38.254868 -> Merging and generating rules and blocks on http://www.ceic.ac.cn/speedsearch?time=7，process:79%
2018-12-15 00:50:38.313767 -> Merging and generating rules and blocks on http://www.ceic.ac.cn/speedsearch?time=7，process:80%
2018-12-15 00:50:38.372363 -> Merging and generating rules and blocks on http://www.ceic.ac.cn/speedsearch?time=7，process:82%
2018-12-15 00:50:38.429103 -> Merging and generating rules and blocks on http://www.ceic.ac.cn/speedsearch?time=7，process:84%
2018-12-15 00:50:38.486115 -> Merging and generating rules and blocks on http://www.ceic.ac.cn/speedsearch?time=7，process:86%
2018-12-15 00:50:38.542918 -> Merging and generating rules and blocks on http://www.ceic.ac.cn/speedsearch?time=7，process:88%
2018-12-15 00:50:38.599652 -> Merging and generating rules and blocks on http://www.ceic.ac.cn/speedsearch?time=7，process:89%
2018-12-15 00:50:38.792936 -> Merging and generating rules and blocks on http://www.ceic.ac.cn/speedsearch?time=7，process:91%
2018-12-15 00:50:38.817277 -> Merging and generating rules and blocks on http://www.ceic.ac.cn/speedsearch?time=7，process:93%
2018-12-15 00:50:38.841046 -> Merging and generating rules and blocks on http://www.ceic.ac.cn/speedsearch?time=7，process:95%
2018-12-15 00:50:38.910281 -> Merging and generating rules and blocks on http://www.ceic.ac.cn/speedsearch?time=7，process:96%
2018-12-15 00:50:38.933981 -> Merging and generating rules and blocks on http://www.ceic.ac.cn/speedsearch?time=7，process:98%
2018-12-15 00:50:38.962635 -> Selecting the main segment on http://www.ceic.ac.cn/speedsearch?time=7
2018-12-15 00:50:39.614157 -> Generating sections on http://www.ceic.ac.cn/speedsearch?time=7
2018-12-15 00:50:40.329085 -> Generating api_info on  http://www.ceic.ac.cn/speedsearch?time=7
2018-12-15 00:50:40.380001 -> Generating rules on  http://www.ceic.ac.cn/speedsearch?time=7
2018-12-15 00:50:40.380315 -> Output Result JSON File on  http://www.ceic.ac.cn/speedsearch?time=7
2018-12-15 00:50:40.390602 -> Finished on  http://www.ceic.ac.cn/speedsearch?time=7
200 http://127.0.0.1:8000/statics/15448062256097/api_info.json
