2018-10-07 23:31:14.771813 -> Crawl HTML Document from http://www.sej.co.jp/
2018-10-07 23:31:56.580373 -> Run Pruning on http://www.sej.co.jp/
2018-10-07 23:31:56.583386 -> Run Partial Tree Matching on http://www.sej.co.jp/
2018-10-07 23:31:56.648303 -> Run Backtracking on http://www.sej.co.jp/
2018-10-07 23:31:56.649302 -> Output Result JSON File on  http://www.sej.co.jp/
2018-10-07 23:34:18.145750 -> Crawl HTML Document from http://www.gov.cn/
2018-10-07 23:34:29.119554 -> Run Pruning on http://www.gov.cn/
2018-10-07 23:34:29.121550 -> Run Partial Tree Matching on http://www.gov.cn/
2018-10-07 23:34:29.167503 -> Run Backtracking on http://www.gov.cn/
2018-10-07 23:34:29.167503 -> Output Result JSON File on  http://www.gov.cn/
2018-10-07 23:34:57.560499 -> Output Images on  http://www.gov.cn/
2018-10-07 23:35:11.216584 -> Finished on  http://www.gov.cn/
2018-10-07 23:35:54.299667 -> Crawl HTML Document from http://www.gov.cn/premier/lkq_wz.htm
2018-10-07 23:36:01.256669 -> Run Pruning on http://www.gov.cn/premier/lkq_wz.htm
2018-10-07 23:36:01.257668 -> Run Partial Tree Matching on http://www.gov.cn/premier/lkq_wz.htm
2018-10-07 23:36:01.262662 -> Run Backtracking on http://www.gov.cn/premier/lkq_wz.htm
2018-10-07 23:36:01.262662 -> Output Result JSON File on  http://www.gov.cn/premier/lkq_wz.htm
2018-10-07 23:37:19.665739 -> Crawl HTML Document from http://www.gov.cn/premier/lkq_wz.htm
2018-10-07 23:37:54.545535 -> Run Pruning on http://www.gov.cn/premier/lkq_wz.htm
2018-10-07 23:37:54.546534 -> Run Partial Tree Matching on http://www.gov.cn/premier/lkq_wz.htm
2018-10-07 23:37:54.551527 -> Run Backtracking on http://www.gov.cn/premier/lkq_wz.htm
2018-10-07 23:37:54.551527 -> Output Result JSON File on  http://www.gov.cn/premier/lkq_wz.htm
2018-10-07 23:38:01.543381 -> Output Images on  http://www.gov.cn/premier/lkq_wz.htm
2018-10-07 23:38:03.157731 -> Finished on  http://www.gov.cn/premier/lkq_wz.htm
2018-10-08 19:08:41.943481 -> Crawl HTML Document from http://service.cheosgrid.org:8076/APIMarket.html?id=1
2018-10-08 19:08:47.296173 -> Run Pruning on http://service.cheosgrid.org:8076/APIMarket.html?id=1
2018-10-08 19:08:47.296173 -> Run Partial Tree Matching on http://service.cheosgrid.org:8076/APIMarket.html?id=1
2018-10-08 19:08:47.300169 -> Run Backtracking on http://service.cheosgrid.org:8076/APIMarket.html?id=1
2018-10-08 19:08:47.300169 -> Output Result JSON File on  http://service.cheosgrid.org:8076/APIMarket.html?id=1
2018-10-08 19:09:08.883440 -> Crawl HTML Document from http://service.cheosgrid.org:8076/APIMarket.html?id=1
2018-10-08 19:09:10.683100 -> Run Pruning on http://service.cheosgrid.org:8076/APIMarket.html?id=1
2018-10-08 19:09:10.684098 -> Run Partial Tree Matching on http://service.cheosgrid.org:8076/APIMarket.html?id=1
2018-10-08 19:09:10.687095 -> Run Backtracking on http://service.cheosgrid.org:8076/APIMarket.html?id=1
2018-10-08 19:09:10.687095 -> Output Result JSON File on  http://service.cheosgrid.org:8076/APIMarket.html?id=1
2018-10-08 19:09:20.187380 -> Output Images on  http://service.cheosgrid.org:8076/APIMarket.html?id=1
2018-10-08 19:09:23.411482 -> Finished on  http://service.cheosgrid.org:8076/APIMarket.html?id=1
2018-10-08 20:24:13.044017 -> Crawl HTML Document from http://www.weather.com.cn/weather/101280800.shtml
2018-10-08 20:29:29.334776 -> Crawl HTML Document from http://www.weather.com.cn/weather/101280800.shtml
2018-10-08 20:29:47.458850 -> Run Pruning on http://www.weather.com.cn/weather/101280800.shtml
2018-10-08 20:29:47.466841 -> Run Partial Tree Matching on http://www.weather.com.cn/weather/101280800.shtml
2018-10-08 20:29:47.674641 -> Run Backtracking on http://www.weather.com.cn/weather/101280800.shtml
2018-10-08 20:29:47.677627 -> Output Result JSON File on  http://www.weather.com.cn/weather/101280800.shtml
2018-10-08 20:30:55.213531 -> Finished on  http://www.weather.com.cn/weather/101280800.shtml
2018-10-08 20:41:11.329868 -> Crawl HTML Document from http://www.nmdis.org.cn/gongbao/
2018-10-08 20:42:19.440364 -> Crawl HTML Document from http://www.nmdis.org.cn/gongbao/
2018-10-08 20:42:20.597479 -> Run Pruning on http://www.nmdis.org.cn/gongbao/
2018-10-08 20:42:20.597479 -> Run Partial Tree Matching on http://www.nmdis.org.cn/gongbao/
2018-10-08 20:42:20.611464 -> Run Backtracking on http://www.nmdis.org.cn/gongbao/
2018-10-08 20:42:20.611464 -> Output Result JSON File on  http://www.nmdis.org.cn/gongbao/
2018-10-08 20:42:33.248529 -> Finished on  http://www.nmdis.org.cn/gongbao/
2018-10-08 20:44:17.723375 -> Crawl HTML Document from http://www.nmdis.org.cn/ybfw/201301/t20130129_26027.html
2018-10-08 20:44:18.938391 -> Run Pruning on http://www.nmdis.org.cn/ybfw/201301/t20130129_26027.html
2018-10-08 20:44:18.939390 -> Run Partial Tree Matching on http://www.nmdis.org.cn/ybfw/201301/t20130129_26027.html
2018-10-08 20:44:18.947382 -> Run Backtracking on http://www.nmdis.org.cn/ybfw/201301/t20130129_26027.html
2018-10-08 20:44:18.948381 -> Output Result JSON File on  http://www.nmdis.org.cn/ybfw/201301/t20130129_26027.html
2018-10-08 20:44:23.671551 -> Finished on  http://www.nmdis.org.cn/ybfw/201301/t20130129_26027.html
2018-10-08 20:51:54.298424 -> Crawl HTML Document from http://www.nmdis.org.cn/ybfw/201301/t20130129_26027.html
2018-10-08 20:55:06.185807 -> Crawl HTML Document from http://localhost/baidu.html
2018-10-08 20:55:07.181822 -> Run Pruning on http://localhost/baidu.html
2018-10-08 20:55:07.183820 -> Run Partial Tree Matching on http://localhost/baidu.html
2018-10-08 20:55:07.218784 -> Run Backtracking on http://localhost/baidu.html
2018-10-08 20:55:07.218784 -> Output Result JSON File on  http://localhost/baidu.html
2018-10-08 20:55:36.107946 -> Finished on  http://localhost/baidu.html
2018-10-09 01:24:45.871811 -> Crawl HTML Document from https://www.baidu.com/s?ie=utf-8&f=3&rsv_bp=1&tn=baidu&wd=Error%20in%20proxy%20URL%20https%3A%2F%2Flocalhost%3A8123%3A%20Must%20be%20HTTP.&oq=linux%25E6%259B%25B4%25E6%2594%25B9%25E6%2596%2587%25E4%25BB%25B6%25E5%25A4%25B9%25E6%2589%2580%25E6%259C%2589%25E8%2580%2585&rsv_pq=f04bda560003588c&rsv_t=80131q8F3jsU01foNKpz2AgDCdWohr9TUzTX9JPBnZrQYaSHgx%2BlHzZqfZY&rqlang=cn&rsv_enter=1&rsv_n=2&rsv_sug3=38&rsv_sug2=0&prefixsug=%2526gt%253Brror%2520in%2520proxy%2520URL%2520https%253A%252F%252Flocalhost%253A812%2526lt%253B%253A%2520Must%2520be%2520HTTP.&rsp=1&inputT=753&rsv_sug4=753&rsv_sug=1
2018-10-09 01:24:47.119536 -> Run Pruning on https://www.baidu.com/s?ie=utf-8&f=3&rsv_bp=1&tn=baidu&wd=Error%20in%20proxy%20URL%20https%3A%2F%2Flocalhost%3A8123%3A%20Must%20be%20HTTP.&oq=linux%25E6%259B%25B4%25E6%2594%25B9%25E6%2596%2587%25E4%25BB%25B6%25E5%25A4%25B9%25E6%2589%2580%25E6%259C%2589%25E8%2580%2585&rsv_pq=f04bda560003588c&rsv_t=80131q8F3jsU01foNKpz2AgDCdWohr9TUzTX9JPBnZrQYaSHgx%2BlHzZqfZY&rqlang=cn&rsv_enter=1&rsv_n=2&rsv_sug3=38&rsv_sug2=0&prefixsug=%2526gt%253Brror%2520in%2520proxy%2520URL%2520https%253A%252F%252Flocalhost%253A812%2526lt%253B%253A%2520Must%2520be%2520HTTP.&rsp=1&inputT=753&rsv_sug4=753&rsv_sug=1
2018-10-09 01:24:47.120534 -> Run Partial Tree Matching on https://www.baidu.com/s?ie=utf-8&f=3&rsv_bp=1&tn=baidu&wd=Error%20in%20proxy%20URL%20https%3A%2F%2Flocalhost%3A8123%3A%20Must%20be%20HTTP.&oq=linux%25E6%259B%25B4%25E6%2594%25B9%25E6%2596%2587%25E4%25BB%25B6%25E5%25A4%25B9%25E6%2589%2580%25E6%259C%2589%25E8%2580%2585&rsv_pq=f04bda560003588c&rsv_t=80131q8F3jsU01foNKpz2AgDCdWohr9TUzTX9JPBnZrQYaSHgx%2BlHzZqfZY&rqlang=cn&rsv_enter=1&rsv_n=2&rsv_sug3=38&rsv_sug2=0&prefixsug=%2526gt%253Brror%2520in%2520proxy%2520URL%2520https%253A%252F%252Flocalhost%253A812%2526lt%253B%253A%2520Must%2520be%2520HTTP.&rsp=1&inputT=753&rsv_sug4=753&rsv_sug=1
2018-10-09 01:24:47.155515 -> Run Backtracking on https://www.baidu.com/s?ie=utf-8&f=3&rsv_bp=1&tn=baidu&wd=Error%20in%20proxy%20URL%20https%3A%2F%2Flocalhost%3A8123%3A%20Must%20be%20HTTP.&oq=linux%25E6%259B%25B4%25E6%2594%25B9%25E6%2596%2587%25E4%25BB%25B6%25E5%25A4%25B9%25E6%2589%2580%25E6%259C%2589%25E8%2580%2585&rsv_pq=f04bda560003588c&rsv_t=80131q8F3jsU01foNKpz2AgDCdWohr9TUzTX9JPBnZrQYaSHgx%2BlHzZqfZY&rqlang=cn&rsv_enter=1&rsv_n=2&rsv_sug3=38&rsv_sug2=0&prefixsug=%2526gt%253Brror%2520in%2520proxy%2520URL%2520https%253A%252F%252Flocalhost%253A812%2526lt%253B%253A%2520Must%2520be%2520HTTP.&rsp=1&inputT=753&rsv_sug4=753&rsv_sug=1
2018-10-09 01:24:47.156510 -> Output Result JSON File on  https://www.baidu.com/s?ie=utf-8&f=3&rsv_bp=1&tn=baidu&wd=Error%20in%20proxy%20URL%20https%3A%2F%2Flocalhost%3A8123%3A%20Must%20be%20HTTP.&oq=linux%25E6%259B%25B4%25E6%2594%25B9%25E6%2596%2587%25E4%25BB%25B6%25E5%25A4%25B9%25E6%2589%2580%25E6%259C%2589%25E8%2580%2585&rsv_pq=f04bda560003588c&rsv_t=80131q8F3jsU01foNKpz2AgDCdWohr9TUzTX9JPBnZrQYaSHgx%2BlHzZqfZY&rqlang=cn&rsv_enter=1&rsv_n=2&rsv_sug3=38&rsv_sug2=0&prefixsug=%2526gt%253Brror%2520in%2520proxy%2520URL%2520https%253A%252F%252Flocalhost%253A812%2526lt%253B%253A%2520Must%2520be%2520HTTP.&rsp=1&inputT=753&rsv_sug4=753&rsv_sug=1
2018-10-09 01:25:12.382503 -> Finished on  https://www.baidu.com/s?ie=utf-8&f=3&rsv_bp=1&tn=baidu&wd=Error%20in%20proxy%20URL%20https%3A%2F%2Flocalhost%3A8123%3A%20Must%20be%20HTTP.&oq=linux%25E6%259B%25B4%25E6%2594%25B9%25E6%2596%2587%25E4%25BB%25B6%25E5%25A4%25B9%25E6%2589%2580%25E6%259C%2589%25E8%2580%2585&rsv_pq=f04bda560003588c&rsv_t=80131q8F3jsU01foNKpz2AgDCdWohr9TUzTX9JPBnZrQYaSHgx%2BlHzZqfZY&rqlang=cn&rsv_enter=1&rsv_n=2&rsv_sug3=38&rsv_sug2=0&prefixsug=%2526gt%253Brror%2520in%2520proxy%2520URL%2520https%253A%252F%252Flocalhost%253A812%2526lt%253B%253A%2520Must%2520be%2520HTTP.&rsp=1&inputT=753&rsv_sug4=753&rsv_sug=1
2018-10-09 21:39:57.129000 -> Crawl HTML Document from http://service.cheosgrid.org:8076/detail.html?serviceId=46
2018-10-09 21:40:43.332786 -> Crawl HTML Document from http://service.cheosgrid.org:8076/detail.html?serviceId=46
2018-10-09 21:40:44.934149 -> Run Pruning on http://service.cheosgrid.org:8076/detail.html?serviceId=46
2018-10-09 21:40:44.935149 -> Run Partial Tree Matching on http://service.cheosgrid.org:8076/detail.html?serviceId=46
2018-10-09 21:40:44.944139 -> Run Backtracking on http://service.cheosgrid.org:8076/detail.html?serviceId=46
2018-10-09 21:40:44.945138 -> Output Result JSON File on  http://service.cheosgrid.org:8076/detail.html?serviceId=46
2018-10-09 21:40:51.791140 -> Finished on  http://service.cheosgrid.org:8076/detail.html?serviceId=46
2018-10-09 21:43:13.528308 -> Crawl HTML Document from http://service.cheosgrid.org:8076/detail.html?serviceId=46
2018-10-09 21:43:15.172648 -> Run Pruning on http://service.cheosgrid.org:8076/detail.html?serviceId=46
2018-10-09 21:43:15.172648 -> Run Partial Tree Matching on http://service.cheosgrid.org:8076/detail.html?serviceId=46
2018-10-09 21:43:15.181639 -> Run Backtracking on http://service.cheosgrid.org:8076/detail.html?serviceId=46
2018-10-09 21:43:15.182637 -> Output Result JSON File on  http://service.cheosgrid.org:8076/detail.html?serviceId=46
2018-10-09 21:43:31.452211 -> Crawl HTML Document from http://service.cheosgrid.org:8076/detail.html?serviceId=46
2018-10-09 21:43:33.167471 -> Run Pruning on http://service.cheosgrid.org:8076/detail.html?serviceId=46
2018-10-09 21:43:33.168470 -> Run Partial Tree Matching on http://service.cheosgrid.org:8076/detail.html?serviceId=46
2018-10-09 21:43:33.177456 -> Run Backtracking on http://service.cheosgrid.org:8076/detail.html?serviceId=46
2018-10-09 21:43:33.178455 -> Output Result JSON File on  http://service.cheosgrid.org:8076/detail.html?serviceId=46
2018-10-09 21:43:39.269214 -> Finished on  http://service.cheosgrid.org:8076/detail.html?serviceId=46
2018-10-09 21:45:27.120981 -> Crawl HTML Document from http://service.cheosgrid.org:8076/detail.html?serviceId=46
2018-10-09 21:45:28.863199 -> Run Pruning on http://service.cheosgrid.org:8076/detail.html?serviceId=46
2018-10-09 21:45:28.864209 -> Run Partial Tree Matching on http://service.cheosgrid.org:8076/detail.html?serviceId=46
2018-10-09 21:45:28.873188 -> Run Backtracking on http://service.cheosgrid.org:8076/detail.html?serviceId=46
2018-10-09 21:45:28.873188 -> Output Result JSON File on  http://service.cheosgrid.org:8076/detail.html?serviceId=46
2018-10-09 21:45:34.904020 -> Finished on  http://service.cheosgrid.org:8076/detail.html?serviceId=46
2018-10-09 22:17:18.315301 -> Crawl HTML Document from http://service.cheosgrid.org:8076/APIMarket.html?id=1
2018-10-09 22:17:19.686134 -> Run Pruning on http://service.cheosgrid.org:8076/APIMarket.html?id=1
2018-10-09 22:17:19.687133 -> Run Partial Tree Matching on http://service.cheosgrid.org:8076/APIMarket.html?id=1
2018-10-09 22:17:19.695125 -> Run Backtracking on http://service.cheosgrid.org:8076/APIMarket.html?id=1
2018-10-09 22:17:19.695125 -> Output Result JSON File on  http://service.cheosgrid.org:8076/APIMarket.html?id=1
2018-10-09 22:17:30.036875 -> Finished on  http://service.cheosgrid.org:8076/APIMarket.html?id=1
2018-10-09 22:18:23.611610 -> Crawl HTML Document from http://service.cheosgrid.org:8076/APIMarket.html?id=1
2018-10-09 22:18:24.835195 -> Run Pruning on http://service.cheosgrid.org:8076/APIMarket.html?id=1
2018-10-09 22:18:24.835195 -> Run Partial Tree Matching on http://service.cheosgrid.org:8076/APIMarket.html?id=1
2018-10-09 22:18:24.864165 -> Run Backtracking on http://service.cheosgrid.org:8076/APIMarket.html?id=1
2018-10-09 22:18:24.864165 -> Output Result JSON File on  http://service.cheosgrid.org:8076/APIMarket.html?id=1
2018-10-09 22:18:26.269872 -> Finished on  http://service.cheosgrid.org:8076/APIMarket.html?id=1
2018-10-09 22:51:36.658566 -> Crawl HTML Document from http://service.cheosgrid.org:8076/APIMarket.html?id=1
2018-10-09 22:51:40.139528 -> Run Pruning on http://service.cheosgrid.org:8076/APIMarket.html?id=1
2018-10-09 22:51:40.140527 -> Run Partial Tree Matching on http://service.cheosgrid.org:8076/APIMarket.html?id=1
2018-10-09 22:51:40.143524 -> Run Backtracking on http://service.cheosgrid.org:8076/APIMarket.html?id=1
2018-10-09 22:51:40.143524 -> Output Result JSON File on  http://service.cheosgrid.org:8076/APIMarket.html?id=1
2018-10-09 22:51:51.132434 -> Finished on  http://service.cheosgrid.org:8076/APIMarket.html?id=1
2018-10-10 13:33:54.619119 -> Crawl HTML Document from http://service.cheosgrid.org:8076/APIMarket.html?id=1
2018-10-10 13:33:56.013694 -> Run Pruning on http://service.cheosgrid.org:8076/APIMarket.html?id=1
2018-10-10 13:33:56.014693 -> Run Partial Tree Matching on http://service.cheosgrid.org:8076/APIMarket.html?id=1
2018-10-10 13:33:56.018688 -> Run Backtracking on http://service.cheosgrid.org:8076/APIMarket.html?id=1
2018-10-10 13:33:56.018688 -> Output Result JSON File on  http://service.cheosgrid.org:8076/APIMarket.html?id=1
2018-10-10 13:34:06.714752 -> Finished on  http://service.cheosgrid.org:8076/APIMarket.html?id=1
2018-10-10 15:16:02.740387 -> Crawl HTML Document from http://www.nmdis.org.cn/gongbao/
2018-10-10 15:16:24.348365 -> Run Pruning on http://www.nmdis.org.cn/gongbao/
2018-10-10 15:16:24.348365 -> Run Partial Tree Matching on http://www.nmdis.org.cn/gongbao/
2018-10-10 15:16:24.349360 -> Run Backtracking on http://www.nmdis.org.cn/gongbao/
2018-10-10 15:16:24.349360 -> Output Result JSON File on  http://www.nmdis.org.cn/gongbao/
2018-10-10 15:16:24.355346 -> Finished on  http://www.nmdis.org.cn/gongbao/
2018-10-10 15:17:05.848214 -> Crawl HTML Document from http://www.nmdis.org.cn/gongbao/
2018-10-10 15:17:07.749269 -> Run Pruning on http://www.nmdis.org.cn/gongbao/
2018-10-10 15:17:07.750268 -> Run Partial Tree Matching on http://www.nmdis.org.cn/gongbao/
2018-10-10 15:17:07.763255 -> Run Backtracking on http://www.nmdis.org.cn/gongbao/
2018-10-10 15:17:07.764253 -> Output Result JSON File on  http://www.nmdis.org.cn/gongbao/
2018-10-10 15:17:40.531759 -> Crawl HTML Document from http://www.nmdis.org.cn/gongbao/
2018-10-10 15:17:41.728584 -> Run Pruning on http://www.nmdis.org.cn/gongbao/
2018-10-10 15:17:41.729577 -> Run Partial Tree Matching on http://www.nmdis.org.cn/gongbao/
2018-10-10 15:17:41.739565 -> Run Backtracking on http://www.nmdis.org.cn/gongbao/
2018-10-10 15:17:41.740565 -> Output Result JSON File on  http://www.nmdis.org.cn/gongbao/
2018-10-10 15:17:55.060932 -> Finished on  http://www.nmdis.org.cn/gongbao/
2018-10-10 15:27:04.083656 -> Crawl HTML Document from http://www.nmdis.org.cn/gongbao/
2018-10-10 15:27:05.013705 -> Run Pruning on http://www.nmdis.org.cn/gongbao/
2018-10-10 15:27:05.014704 -> Run Partial Tree Matching on http://www.nmdis.org.cn/gongbao/
2018-10-10 15:27:05.024694 -> Run Backtracking on http://www.nmdis.org.cn/gongbao/
2018-10-10 15:27:05.024694 -> Output Result JSON File on  http://www.nmdis.org.cn/gongbao/
2018-10-10 15:27:25.539716 -> Crawl HTML Document from http://www.nmdis.org.cn/gongbao/
2018-10-10 15:27:26.642587 -> Run Pruning on http://www.nmdis.org.cn/gongbao/
2018-10-10 15:27:26.642587 -> Run Partial Tree Matching on http://www.nmdis.org.cn/gongbao/
2018-10-10 15:27:26.652577 -> Run Backtracking on http://www.nmdis.org.cn/gongbao/
2018-10-10 15:27:26.652577 -> Output Result JSON File on  http://www.nmdis.org.cn/gongbao/
2018-10-10 15:27:39.981947 -> Finished on  http://www.nmdis.org.cn/gongbao/
2018-10-10 15:28:23.332875 -> Crawl HTML Document from http://service.cheosgrid.org:8076/APIMarket.html?id=1
2018-10-10 15:28:24.765409 -> Run Pruning on http://service.cheosgrid.org:8076/APIMarket.html?id=1
2018-10-10 15:28:24.766408 -> Run Partial Tree Matching on http://service.cheosgrid.org:8076/APIMarket.html?id=1
2018-10-10 15:28:24.770404 -> Run Backtracking on http://service.cheosgrid.org:8076/APIMarket.html?id=1
2018-10-10 15:28:24.770404 -> Output Result JSON File on  http://service.cheosgrid.org:8076/APIMarket.html?id=1
2018-10-10 15:28:35.175764 -> Finished on  http://service.cheosgrid.org:8076/APIMarket.html?id=1
2018-10-10 16:19:51.073799 -> Crawl HTML Document from http://service.cheosgrid.org:8076/APIMarket.html?id=1
2018-10-10 16:19:52.447381 -> Run Pruning on http://service.cheosgrid.org:8076/APIMarket.html?id=1
2018-10-10 16:19:52.448380 -> Run Partial Tree Matching on http://service.cheosgrid.org:8076/APIMarket.html?id=1
2018-10-10 16:19:52.452376 -> Run Backtracking on http://service.cheosgrid.org:8076/APIMarket.html?id=1
2018-10-10 16:19:52.452376 -> Output Result JSON File on  http://service.cheosgrid.org:8076/APIMarket.html?id=1
2018-10-10 16:20:03.048028 -> Finished on  http://service.cheosgrid.org:8076/APIMarket.html?id=1
2018-10-10 16:20:17.168719 -> Crawl HTML Document from http://service.cheosgrid.org:8076/APIMarket.html?id=1
2018-10-10 16:20:18.558227 -> Run Pruning on http://service.cheosgrid.org:8076/APIMarket.html?id=1
2018-10-10 16:20:18.559226 -> Run Partial Tree Matching on http://service.cheosgrid.org:8076/APIMarket.html?id=1
2018-10-10 16:20:18.562223 -> Run Backtracking on http://service.cheosgrid.org:8076/APIMarket.html?id=1
2018-10-10 16:20:18.562223 -> Output Result JSON File on  http://service.cheosgrid.org:8076/APIMarket.html?id=1
2018-10-10 16:20:29.178350 -> Finished on  http://service.cheosgrid.org:8076/APIMarket.html?id=1
2018-10-10 16:23:04.831742 -> Crawl HTML Document from http://service.cheosgrid.org:8076/APIMarket.html?id=1
2018-10-10 16:23:06.209508 -> Run Pruning on http://service.cheosgrid.org:8076/APIMarket.html?id=1
2018-10-10 16:23:06.210506 -> Run Partial Tree Matching on http://service.cheosgrid.org:8076/APIMarket.html?id=1
2018-10-10 16:23:06.213515 -> Run Backtracking on http://service.cheosgrid.org:8076/APIMarket.html?id=1
2018-10-10 16:23:06.213515 -> Output Result JSON File on  http://service.cheosgrid.org:8076/APIMarket.html?id=1
2018-10-10 16:23:16.527060 -> Finished on  http://service.cheosgrid.org:8076/APIMarket.html?id=1
2018-10-10 16:24:26.690539 -> Crawl HTML Document from http://service.cheosgrid.org:8076/APIMarket.html?id=1
2018-10-10 16:24:28.083671 -> Run Pruning on http://service.cheosgrid.org:8076/APIMarket.html?id=1
2018-10-10 16:24:28.084670 -> Run Partial Tree Matching on http://service.cheosgrid.org:8076/APIMarket.html?id=1
2018-10-10 16:24:28.087667 -> Run Backtracking on http://service.cheosgrid.org:8076/APIMarket.html?id=1
2018-10-10 16:24:28.088767 -> Output Result JSON File on  http://service.cheosgrid.org:8076/APIMarket.html?id=1
2018-10-10 16:24:38.524994 -> Finished on  http://service.cheosgrid.org:8076/APIMarket.html?id=1
2018-10-10 16:25:18.299931 -> Crawl HTML Document from http://www.nmdis.org.cn/gongbao/
2018-10-10 16:25:19.179020 -> Run Pruning on http://www.nmdis.org.cn/gongbao/
2018-10-10 16:25:19.180020 -> Run Partial Tree Matching on http://www.nmdis.org.cn/gongbao/
2018-10-10 16:25:19.190010 -> Run Backtracking on http://www.nmdis.org.cn/gongbao/
2018-10-10 16:25:19.190010 -> Output Result JSON File on  http://www.nmdis.org.cn/gongbao/
2018-10-10 16:30:23.351435 -> Crawl HTML Document from http://www.nmdis.org.cn/gongbao/
2018-10-10 16:30:44.973525 -> Run Pruning on http://www.nmdis.org.cn/gongbao/
2018-10-10 16:30:44.973525 -> Run Partial Tree Matching on http://www.nmdis.org.cn/gongbao/
2018-10-10 16:30:44.973525 -> Run Backtracking on http://www.nmdis.org.cn/gongbao/
2018-10-10 16:30:44.973525 -> Output Result JSON File on  http://www.nmdis.org.cn/gongbao/
2018-10-10 16:30:44.978519 -> Finished on  http://www.nmdis.org.cn/gongbao/
2018-10-10 16:32:39.627059 -> Crawl HTML Document from http://www.nmdis.org.cn/gongbao/
2018-10-10 16:32:40.542128 -> Run Pruning on http://www.nmdis.org.cn/gongbao/
2018-10-10 16:32:40.542128 -> Run Partial Tree Matching on http://www.nmdis.org.cn/gongbao/
2018-10-10 16:32:40.552122 -> Run Backtracking on http://www.nmdis.org.cn/gongbao/
2018-10-10 16:32:40.552122 -> Output Result JSON File on  http://www.nmdis.org.cn/gongbao/
2018-10-10 16:32:53.915445 -> Finished on  http://www.nmdis.org.cn/gongbao/
2018-10-10 20:16:55.604610 -> Crawl HTML Document from http://www.nmdis.org.cn/gongbao/
2018-10-10 20:16:56.770417 -> Run Pruning on http://www.nmdis.org.cn/gongbao/
2018-10-10 20:16:56.771416 -> Run Partial Tree Matching on http://www.nmdis.org.cn/gongbao/
2018-10-10 20:16:56.782416 -> Run Backtracking on http://www.nmdis.org.cn/gongbao/
2018-10-10 20:16:56.782416 -> Output Result JSON File on  http://www.nmdis.org.cn/gongbao/
2018-10-10 20:17:19.525153 -> Crawl HTML Document from http://www.nmdis.org.cn/gongbao/
2018-10-10 20:17:20.570085 -> Run Pruning on http://www.nmdis.org.cn/gongbao/
2018-10-10 20:17:20.571083 -> Run Partial Tree Matching on http://www.nmdis.org.cn/gongbao/
2018-10-10 20:17:20.582071 -> Run Backtracking on http://www.nmdis.org.cn/gongbao/
2018-10-10 20:17:20.582071 -> Output Result JSON File on  http://www.nmdis.org.cn/gongbao/
2018-10-10 20:17:35.324135 -> Finished on  http://www.nmdis.org.cn/gongbao/
2018-10-10 20:19:46.304386 -> Crawl HTML Document from http://www.nmdis.org.cn/gongbao/
2018-10-10 20:20:08.120443 -> Run Pruning on http://www.nmdis.org.cn/gongbao/
2018-10-10 20:20:08.120443 -> Run Partial Tree Matching on http://www.nmdis.org.cn/gongbao/
2018-10-10 20:20:08.120443 -> Run Backtracking on http://www.nmdis.org.cn/gongbao/
2018-10-10 20:20:08.120443 -> Output Result JSON File on  http://www.nmdis.org.cn/gongbao/
2018-10-10 20:20:08.125447 -> Finished on  http://www.nmdis.org.cn/gongbao/
2018-10-10 20:22:32.066879 -> Crawl HTML Document from http://www.nmdis.org.cn/gongbao/
2018-10-10 20:22:32.973934 -> Run Pruning on http://www.nmdis.org.cn/gongbao/
2018-10-10 20:22:32.974933 -> Run Partial Tree Matching on http://www.nmdis.org.cn/gongbao/
2018-10-10 20:22:32.984923 -> Run Backtracking on http://www.nmdis.org.cn/gongbao/
2018-10-10 20:22:32.984923 -> Output Result JSON File on  http://www.nmdis.org.cn/gongbao/
2018-10-10 20:22:46.881989 -> Finished on  http://www.nmdis.org.cn/gongbao/
2018-10-10 20:25:13.428119 -> Crawl HTML Document from http://service.cheosgrid.org:8076/APIMarket.html?id=1
2018-10-10 20:25:15.825257 -> Run Pruning on http://service.cheosgrid.org:8076/APIMarket.html?id=1
2018-10-10 20:25:15.826255 -> Run Partial Tree Matching on http://service.cheosgrid.org:8076/APIMarket.html?id=1
2018-10-10 20:25:15.829252 -> Run Backtracking on http://service.cheosgrid.org:8076/APIMarket.html?id=1
2018-10-10 20:25:15.830252 -> Output Result JSON File on  http://service.cheosgrid.org:8076/APIMarket.html?id=1
2018-10-10 20:25:27.903526 -> Finished on  http://service.cheosgrid.org:8076/APIMarket.html?id=1
2018-10-10 20:41:17.362019 -> Crawl HTML Document from http://service.cheosgrid.org:8076/APIMarket.html?id=1
2018-10-10 20:41:18.922555 -> Run Pruning on http://service.cheosgrid.org:8076/APIMarket.html?id=1
2018-10-10 20:41:18.923556 -> Run Partial Tree Matching on http://service.cheosgrid.org:8076/APIMarket.html?id=1
2018-10-10 20:41:18.926552 -> Run Backtracking on http://service.cheosgrid.org:8076/APIMarket.html?id=1
2018-10-10 20:41:18.927551 -> Merging and generating rules and blocks on http://service.cheosgrid.org:8076/APIMarket.html?id=1
2018-10-10 20:41:30.976934 -> Selecting the main segment on http://service.cheosgrid.org:8076/APIMarket.html?id=1
2018-10-10 20:41:30.979872 -> Output Result JSON File on  http://service.cheosgrid.org:8076/APIMarket.html?id=1
2018-10-10 20:41:30.984866 -> Finished on  http://service.cheosgrid.org:8076/APIMarket.html?id=1
2018-10-10 23:15:16.871678 -> Crawl HTML Document from http://service.cheosgrid.org:8076/APIMarket.html?id=1
2018-10-10 23:15:18.275984 -> Run Pruning on http://service.cheosgrid.org:8076/APIMarket.html?id=1
2018-10-10 23:15:18.276984 -> Run Partial Tree Matching on http://service.cheosgrid.org:8076/APIMarket.html?id=1
2018-10-10 23:15:18.279998 -> Run Backtracking on http://service.cheosgrid.org:8076/APIMarket.html?id=1
2018-10-10 23:15:18.279998 -> Merging and generating rules and blocks on http://service.cheosgrid.org:8076/APIMarket.html?id=1
2018-10-10 23:15:30.374208 -> Selecting the main segment on http://service.cheosgrid.org:8076/APIMarket.html?id=1
2018-10-10 23:15:30.375207 -> Generating api_info on  http://service.cheosgrid.org:8076/APIMarket.html?id=1
2018-10-10 23:15:30.375207 -> Generating rules on  http://service.cheosgrid.org:8076/APIMarket.html?id=1
2018-10-10 23:15:30.375207 -> Output Result JSON File on  http://service.cheosgrid.org:8076/APIMarket.html?id=1
2018-10-10 23:15:30.384197 -> Finished on  http://service.cheosgrid.org:8076/APIMarket.html?id=1
2018-10-10 23:39:25.611568 -> Crawl HTML Document from http://service.cheosgrid.org:8076/APIMarket.html?id=1
2018-10-10 23:39:28.799227 -> Run Pruning on http://service.cheosgrid.org:8076/APIMarket.html?id=1
2018-10-10 23:39:28.800226 -> Run Partial Tree Matching on http://service.cheosgrid.org:8076/APIMarket.html?id=1
2018-10-10 23:39:28.804222 -> Run Backtracking on http://service.cheosgrid.org:8076/APIMarket.html?id=1
2018-10-10 23:39:28.804222 -> Merging and generating rules and blocks on http://service.cheosgrid.org:8076/APIMarket.html?id=1
2018-10-10 23:39:40.991206 -> Selecting the main segment on http://service.cheosgrid.org:8076/APIMarket.html?id=1
2018-10-10 23:39:40.995202 -> Generating api_info on  http://service.cheosgrid.org:8076/APIMarket.html?id=1
2018-10-10 23:39:41.000197 -> Generating rules on  http://service.cheosgrid.org:8076/APIMarket.html?id=1
2018-10-10 23:39:41.000197 -> Output Result JSON File on  http://service.cheosgrid.org:8076/APIMarket.html?id=1
2018-10-10 23:39:48.882688 -> Crawl HTML Document from http://service.cheosgrid.org:8076/APIMarket.html?id=1
2018-10-10 23:39:52.140120 -> Run Pruning on http://service.cheosgrid.org:8076/APIMarket.html?id=1
2018-10-10 23:39:52.141120 -> Run Partial Tree Matching on http://service.cheosgrid.org:8076/APIMarket.html?id=1
2018-10-10 23:39:52.144117 -> Run Backtracking on http://service.cheosgrid.org:8076/APIMarket.html?id=1
2018-10-10 23:39:52.144117 -> Merging and generating rules and blocks on http://service.cheosgrid.org:8076/APIMarket.html?id=1
2018-10-10 23:40:04.825397 -> Selecting the main segment on http://service.cheosgrid.org:8076/APIMarket.html?id=1
2018-10-10 23:40:04.830392 -> Generating api_info on  http://service.cheosgrid.org:8076/APIMarket.html?id=1
2018-10-10 23:40:04.837385 -> Generating rules on  http://service.cheosgrid.org:8076/APIMarket.html?id=1
2018-10-10 23:40:04.837385 -> Output Result JSON File on  http://service.cheosgrid.org:8076/APIMarket.html?id=1
2018-10-10 23:46:11.274059 -> Crawl HTML Document from http://service.cheosgrid.org:8076/APIMarket.html?id=1
2018-10-10 23:46:14.592795 -> Run Pruning on http://service.cheosgrid.org:8076/APIMarket.html?id=1
2018-10-10 23:46:14.592795 -> Run Partial Tree Matching on http://service.cheosgrid.org:8076/APIMarket.html?id=1
2018-10-10 23:46:14.596798 -> Run Backtracking on http://service.cheosgrid.org:8076/APIMarket.html?id=1
2018-10-10 23:46:14.596798 -> Merging and generating rules and blocks on http://service.cheosgrid.org:8076/APIMarket.html?id=1
2018-10-10 23:46:27.041598 -> Selecting the main segment on http://service.cheosgrid.org:8076/APIMarket.html?id=1
2018-10-10 23:46:27.318165 -> Generating api_info on  http://service.cheosgrid.org:8076/APIMarket.html?id=1
2018-10-10 23:46:27.325158 -> Generating rules on  http://service.cheosgrid.org:8076/APIMarket.html?id=1
2018-10-10 23:46:27.325158 -> Output Result JSON File on  http://service.cheosgrid.org:8076/APIMarket.html?id=1
2018-10-10 23:46:27.332150 -> Finished on  http://service.cheosgrid.org:8076/APIMarket.html?id=1
2018-10-10 23:52:54.638017 -> Crawl HTML Document from http://service.cheosgrid.org:8076/APIMarket.html?id=1
2018-10-10 23:52:58.001523 -> Run Pruning on http://service.cheosgrid.org:8076/APIMarket.html?id=1
2018-10-10 23:52:58.002521 -> Run Partial Tree Matching on http://service.cheosgrid.org:8076/APIMarket.html?id=1
2018-10-10 23:52:58.005519 -> Run Backtracking on http://service.cheosgrid.org:8076/APIMarket.html?id=1
2018-10-10 23:52:58.005519 -> Merging and generating rules and blocks on http://service.cheosgrid.org:8076/APIMarket.html?id=1
2018-10-10 23:53:10.566118 -> Selecting the main segment on http://service.cheosgrid.org:8076/APIMarket.html?id=1
2018-10-10 23:53:10.571112 -> Generating api_info on  http://service.cheosgrid.org:8076/APIMarket.html?id=1
2018-10-10 23:53:10.579103 -> Generating rules on  http://service.cheosgrid.org:8076/APIMarket.html?id=1
2018-10-10 23:53:10.579103 -> Output Result JSON File on  http://service.cheosgrid.org:8076/APIMarket.html?id=1
2018-10-10 23:53:18.249331 -> Crawl HTML Document from http://service.cheosgrid.org:8076/APIMarket.html?id=1
2018-10-10 23:53:21.742146 -> Run Pruning on http://service.cheosgrid.org:8076/APIMarket.html?id=1
2018-10-10 23:53:21.743145 -> Run Partial Tree Matching on http://service.cheosgrid.org:8076/APIMarket.html?id=1
2018-10-10 23:53:21.746156 -> Run Backtracking on http://service.cheosgrid.org:8076/APIMarket.html?id=1
2018-10-10 23:53:21.746156 -> Merging and generating rules and blocks on http://service.cheosgrid.org:8076/APIMarket.html?id=1
2018-10-10 23:53:34.188308 -> Selecting the main segment on http://service.cheosgrid.org:8076/APIMarket.html?id=1
2018-10-10 23:53:34.194301 -> Generating api_info on  http://service.cheosgrid.org:8076/APIMarket.html?id=1
2018-10-10 23:53:34.202293 -> Generating rules on  http://service.cheosgrid.org:8076/APIMarket.html?id=1
2018-10-10 23:53:34.202293 -> Output Result JSON File on  http://service.cheosgrid.org:8076/APIMarket.html?id=1
2018-10-10 23:53:34.208287 -> Finished on  http://service.cheosgrid.org:8076/APIMarket.html?id=1
2018-10-10 23:54:19.224481 -> Crawl HTML Document from http://service.cheosgrid.org:8076/APIMarket.html?id=1
2018-10-10 23:54:22.576811 -> Run Pruning on http://service.cheosgrid.org:8076/APIMarket.html?id=1
2018-10-10 23:54:22.577884 -> Run Partial Tree Matching on http://service.cheosgrid.org:8076/APIMarket.html?id=1
2018-10-10 23:54:22.581806 -> Run Backtracking on http://service.cheosgrid.org:8076/APIMarket.html?id=1
2018-10-10 23:54:22.581806 -> Merging and generating rules and blocks on http://service.cheosgrid.org:8076/APIMarket.html?id=1
2018-10-10 23:54:37.755666 -> Selecting the main segment on http://service.cheosgrid.org:8076/APIMarket.html?id=1
2018-10-10 23:54:37.765656 -> Generating api_info on  http://service.cheosgrid.org:8076/APIMarket.html?id=1
2018-10-10 23:54:37.770652 -> Generating rules on  http://service.cheosgrid.org:8076/APIMarket.html?id=1
2018-10-10 23:54:37.770652 -> Output Result JSON File on  http://service.cheosgrid.org:8076/APIMarket.html?id=1
2018-10-10 23:54:37.775645 -> Finished on  http://service.cheosgrid.org:8076/APIMarket.html?id=1
2018-10-10 23:59:24.420766 -> Crawl HTML Document from http://service.cheosgrid.org:8076/APIMarket.html?id=1
2018-10-10 23:59:27.681375 -> Run Pruning on http://service.cheosgrid.org:8076/APIMarket.html?id=1
2018-10-10 23:59:27.682374 -> Run Partial Tree Matching on http://service.cheosgrid.org:8076/APIMarket.html?id=1
2018-10-10 23:59:27.685383 -> Run Backtracking on http://service.cheosgrid.org:8076/APIMarket.html?id=1
2018-10-10 23:59:27.685383 -> Merging and generating rules and blocks on http://service.cheosgrid.org:8076/APIMarket.html?id=1
2018-10-10 23:59:41.200231 -> Selecting the main segment on http://service.cheosgrid.org:8076/APIMarket.html?id=1
2018-10-11 00:01:34.100950 -> Crawl HTML Document from http://service.cheosgrid.org:8076/APIMarket.html?id=1
2018-10-11 00:01:37.318889 -> Run Pruning on http://service.cheosgrid.org:8076/APIMarket.html?id=1
2018-10-11 00:01:37.319888 -> Run Partial Tree Matching on http://service.cheosgrid.org:8076/APIMarket.html?id=1
2018-10-11 00:01:37.322886 -> Run Backtracking on http://service.cheosgrid.org:8076/APIMarket.html?id=1
2018-10-11 00:01:37.323885 -> Merging and generating rules and blocks on http://service.cheosgrid.org:8076/APIMarket.html?id=1
2018-10-11 00:01:49.936187 -> Selecting the main segment on http://service.cheosgrid.org:8076/APIMarket.html?id=1
2018-10-11 00:03:07.766787 -> Crawl HTML Document from http://service.cheosgrid.org:8076/APIMarket.html?id=1
2018-10-11 00:03:11.195427 -> Run Pruning on http://service.cheosgrid.org:8076/APIMarket.html?id=1
2018-10-11 00:03:11.196426 -> Run Partial Tree Matching on http://service.cheosgrid.org:8076/APIMarket.html?id=1
2018-10-11 00:03:11.200423 -> Run Backtracking on http://service.cheosgrid.org:8076/APIMarket.html?id=1
2018-10-11 00:03:11.200423 -> Merging and generating rules and blocks on http://service.cheosgrid.org:8076/APIMarket.html?id=1
2018-10-11 00:03:23.817646 -> Selecting the main segment on http://service.cheosgrid.org:8076/APIMarket.html?id=1
2018-10-11 00:03:23.949498 -> Generating api_info on  http://service.cheosgrid.org:8076/APIMarket.html?id=1
2018-10-11 00:03:23.955492 -> Generating rules on  http://service.cheosgrid.org:8076/APIMarket.html?id=1
2018-10-11 00:03:23.955492 -> Output Result JSON File on  http://service.cheosgrid.org:8076/APIMarket.html?id=1
2018-10-11 00:03:23.961485 -> Finished on  http://service.cheosgrid.org:8076/APIMarket.html?id=1
2018-10-11 00:04:27.386106 -> Crawl HTML Document from http://service.cheosgrid.org:8076/APIMarket.html?id=1
2018-10-11 00:04:28.975065 -> Run Pruning on http://service.cheosgrid.org:8076/APIMarket.html?id=1
2018-10-11 00:04:28.976064 -> Run Partial Tree Matching on http://service.cheosgrid.org:8076/APIMarket.html?id=1
2018-10-11 00:04:28.979073 -> Run Backtracking on http://service.cheosgrid.org:8076/APIMarket.html?id=1
2018-10-11 00:04:28.979073 -> Merging and generating rules and blocks on http://service.cheosgrid.org:8076/APIMarket.html?id=1
2018-10-11 00:04:41.747805 -> Selecting the main segment on http://service.cheosgrid.org:8076/APIMarket.html?id=1
2018-10-11 00:04:49.700021 -> Crawl HTML Document from http://service.cheosgrid.org:8076/APIMarket.html?id=1
2018-10-11 00:04:51.296660 -> Run Pruning on http://service.cheosgrid.org:8076/APIMarket.html?id=1
2018-10-11 00:04:51.297659 -> Run Partial Tree Matching on http://service.cheosgrid.org:8076/APIMarket.html?id=1
2018-10-11 00:04:51.300656 -> Run Backtracking on http://service.cheosgrid.org:8076/APIMarket.html?id=1
2018-10-11 00:04:51.300656 -> Merging and generating rules and blocks on http://service.cheosgrid.org:8076/APIMarket.html?id=1
2018-10-11 00:05:04.495083 -> Selecting the main segment on http://service.cheosgrid.org:8076/APIMarket.html?id=1
2018-10-11 00:05:04.588988 -> Generating api_info on  http://service.cheosgrid.org:8076/APIMarket.html?id=1
2018-10-11 00:05:04.612963 -> Generating rules on  http://service.cheosgrid.org:8076/APIMarket.html?id=1
2018-10-11 00:05:04.612963 -> Output Result JSON File on  http://service.cheosgrid.org:8076/APIMarket.html?id=1
2018-10-11 00:05:04.620955 -> Finished on  http://service.cheosgrid.org:8076/APIMarket.html?id=1
2018-10-11 00:05:38.498179 -> Crawl HTML Document from http://service.cheosgrid.org:8076/APIMarket.html?id=1
2018-10-11 00:05:39.899293 -> Run Pruning on http://service.cheosgrid.org:8076/APIMarket.html?id=1
2018-10-11 00:05:39.900291 -> Run Partial Tree Matching on http://service.cheosgrid.org:8076/APIMarket.html?id=1
2018-10-11 00:05:39.903288 -> Run Backtracking on http://service.cheosgrid.org:8076/APIMarket.html?id=1
2018-10-11 00:05:39.903288 -> Merging and generating rules and blocks on http://service.cheosgrid.org:8076/APIMarket.html?id=1
2018-10-11 00:05:53.205005 -> Selecting the main segment on http://service.cheosgrid.org:8076/APIMarket.html?id=1
2018-10-11 00:06:00.319225 -> Crawl HTML Document from http://service.cheosgrid.org:8076/APIMarket.html?id=1
2018-10-11 00:06:01.905617 -> Run Pruning on http://service.cheosgrid.org:8076/APIMarket.html?id=1
2018-10-11 00:06:01.906615 -> Run Partial Tree Matching on http://service.cheosgrid.org:8076/APIMarket.html?id=1
2018-10-11 00:06:01.909612 -> Run Backtracking on http://service.cheosgrid.org:8076/APIMarket.html?id=1
2018-10-11 00:06:01.910627 -> Merging and generating rules and blocks on http://service.cheosgrid.org:8076/APIMarket.html?id=1
2018-10-11 00:06:14.632616 -> Selecting the main segment on http://service.cheosgrid.org:8076/APIMarket.html?id=1
2018-10-11 00:06:14.725521 -> Generating api_info on  http://service.cheosgrid.org:8076/APIMarket.html?id=1
2018-10-11 00:06:14.731515 -> Generating rules on  http://service.cheosgrid.org:8076/APIMarket.html?id=1
2018-10-11 00:06:14.731515 -> Output Result JSON File on  http://service.cheosgrid.org:8076/APIMarket.html?id=1
2018-10-11 00:06:14.737517 -> Finished on  http://service.cheosgrid.org:8076/APIMarket.html?id=1
2018-10-11 00:26:11.459207 -> Crawl HTML Document from http://service.cheosgrid.org:8076/APIMarket.html?id=1
2018-10-11 00:26:14.698052 -> Run Pruning on http://service.cheosgrid.org:8076/APIMarket.html?id=1
2018-10-11 00:26:14.700049 -> Run Partial Tree Matching on http://service.cheosgrid.org:8076/APIMarket.html?id=1
2018-10-11 00:26:14.704047 -> Run Backtracking on http://service.cheosgrid.org:8076/APIMarket.html?id=1
2018-10-11 00:26:14.704047 -> Merging and generating rules and blocks on http://service.cheosgrid.org:8076/APIMarket.html?id=1
2018-10-11 00:26:27.792475 -> Selecting the main segment on http://service.cheosgrid.org:8076/APIMarket.html?id=1
2018-10-11 00:26:35.619515 -> Crawl HTML Document from http://service.cheosgrid.org:8076/APIMarket.html?id=1
2018-10-11 00:26:39.045426 -> Run Pruning on http://service.cheosgrid.org:8076/APIMarket.html?id=1
2018-10-11 00:26:39.046425 -> Run Partial Tree Matching on http://service.cheosgrid.org:8076/APIMarket.html?id=1
2018-10-11 00:26:39.051418 -> Run Backtracking on http://service.cheosgrid.org:8076/APIMarket.html?id=1
2018-10-11 00:26:39.051418 -> Merging and generating rules and blocks on http://service.cheosgrid.org:8076/APIMarket.html?id=1
2018-10-11 00:26:52.078775 -> Selecting the main segment on http://service.cheosgrid.org:8076/APIMarket.html?id=1
2018-10-11 00:26:52.152608 -> Generating api_info on  http://service.cheosgrid.org:8076/APIMarket.html?id=1
2018-10-11 00:26:52.163596 -> Generating rules on  http://service.cheosgrid.org:8076/APIMarket.html?id=1
2018-10-11 00:26:52.163596 -> Output Result JSON File on  http://service.cheosgrid.org:8076/APIMarket.html?id=1
2018-10-11 00:26:52.170589 -> Finished on  http://service.cheosgrid.org:8076/APIMarket.html?id=1
