2018-12-14 23:05:32.788235 -> Crawl HTML Document from http://www.ceic.ac.cn/speedsearch?time=7,please wait for about 40s(max 60s)
2018-12-14 23:05:38.057590 -> Handling the input forms on http://www.ceic.ac.cn/speedsearch?time=7
2018-12-14 23:05:38.057671 -> Run Pruning on http://www.ceic.ac.cn/speedsearch?time=7
2018-12-14 23:05:38.059500 -> Run Partial Tree Matching on http://www.ceic.ac.cn/speedsearch?time=7
2018-12-14 23:05:38.073881 -> Run Backtracking on http://www.ceic.ac.cn/speedsearch?time=7
2018-12-14 23:05:38.074077 -> Merging and generating rules and blocks on http://www.ceic.ac.cn/speedsearch?time=7,process:0%
2018-12-14 23:05:38.074132 -> Merging and generating rules and blocks on http://www.ceic.ac.cn/speedsearch?time=7，process:0%
2018-12-14 23:05:38.096769 -> Merging and generating rules and blocks on http://www.ceic.ac.cn/speedsearch?time=7，process:2%
2018-12-14 23:05:38.121302 -> Merging and generating rules and blocks on http://www.ceic.ac.cn/speedsearch?time=7，process:4%
2018-12-14 23:05:38.143846 -> Merging and generating rules and blocks on http://www.ceic.ac.cn/speedsearch?time=7，process:5%
2018-12-14 23:05:38.167145 -> Merging and generating rules and blocks on http://www.ceic.ac.cn/speedsearch?time=7，process:7%
2018-12-14 23:05:38.188366 -> Merging and generating rules and blocks on http://www.ceic.ac.cn/speedsearch?time=7，process:9%
2018-12-14 23:05:38.209359 -> Merging and generating rules and blocks on http://www.ceic.ac.cn/speedsearch?time=7，process:11%
2018-12-14 23:05:38.537355 -> Merging and generating rules and blocks on http://www.ceic.ac.cn/speedsearch?time=7，process:12%
2018-12-14 23:05:38.595247 -> Merging and generating rules and blocks on http://www.ceic.ac.cn/speedsearch?time=7，process:14%
2018-12-14 23:05:38.850243 -> Merging and generating rules and blocks on http://www.ceic.ac.cn/speedsearch?time=7，process:16%
2018-12-14 23:05:38.903120 -> Merging and generating rules and blocks on http://www.ceic.ac.cn/speedsearch?time=7，process:18%
2018-12-14 23:05:38.955521 -> Merging and generating rules and blocks on http://www.ceic.ac.cn/speedsearch?time=7，process:20%
2018-12-14 23:05:39.008998 -> Merging and generating rules and blocks on http://www.ceic.ac.cn/speedsearch?time=7，process:21%
2018-12-14 23:05:39.336204 -> Merging and generating rules and blocks on http://www.ceic.ac.cn/speedsearch?time=7，process:23%
2018-12-14 23:05:39.857428 -> Merging and generating rules and blocks on http://www.ceic.ac.cn/speedsearch?time=7，process:25%
2018-12-14 23:05:39.893727 -> Merging and generating rules and blocks on http://www.ceic.ac.cn/speedsearch?time=7，process:27%
2018-12-14 23:05:39.929638 -> Merging and generating rules and blocks on http://www.ceic.ac.cn/speedsearch?time=7，process:29%
2018-12-14 23:05:40.107218 -> Merging and generating rules and blocks on http://www.ceic.ac.cn/speedsearch?time=7，process:30%
2018-12-14 23:05:40.297035 -> Merging and generating rules and blocks on http://www.ceic.ac.cn/speedsearch?time=7，process:32%
2018-12-14 23:05:40.484955 -> Merging and generating rules and blocks on http://www.ceic.ac.cn/speedsearch?time=7，process:34%
2018-12-14 23:05:40.675976 -> Merging and generating rules and blocks on http://www.ceic.ac.cn/speedsearch?time=7，process:36%
2018-12-14 23:05:40.871357 -> Merging and generating rules and blocks on http://www.ceic.ac.cn/speedsearch?time=7，process:38%
2018-12-14 23:05:41.054490 -> Merging and generating rules and blocks on http://www.ceic.ac.cn/speedsearch?time=7，process:39%
2018-12-14 23:05:41.231744 -> Merging and generating rules and blocks on http://www.ceic.ac.cn/speedsearch?time=7，process:41%
2018-12-14 23:05:41.416275 -> Merging and generating rules and blocks on http://www.ceic.ac.cn/speedsearch?time=7，process:43%
2018-12-14 23:05:41.598851 -> Merging and generating rules and blocks on http://www.ceic.ac.cn/speedsearch?time=7，process:45%
2018-12-14 23:05:41.780498 -> Merging and generating rules and blocks on http://www.ceic.ac.cn/speedsearch?time=7，process:46%
2018-12-14 23:05:41.957567 -> Merging and generating rules and blocks on http://www.ceic.ac.cn/speedsearch?time=7，process:48%
2018-12-14 23:05:42.140264 -> Merging and generating rules and blocks on http://www.ceic.ac.cn/speedsearch?time=7，process:50%
2018-12-14 23:05:42.323855 -> Merging and generating rules and blocks on http://www.ceic.ac.cn/speedsearch?time=7，process:52%
2018-12-14 23:05:42.503610 -> Merging and generating rules and blocks on http://www.ceic.ac.cn/speedsearch?time=7，process:54%
2018-12-14 23:05:42.684447 -> Merging and generating rules and blocks on http://www.ceic.ac.cn/speedsearch?time=7，process:55%
2018-12-14 23:05:42.877497 -> Merging and generating rules and blocks on http://www.ceic.ac.cn/speedsearch?time=7，process:57%
2018-12-14 23:05:43.057595 -> Merging and generating rules and blocks on http://www.ceic.ac.cn/speedsearch?time=7，process:59%
2018-12-14 23:05:43.238464 -> Merging and generating rules and blocks on http://www.ceic.ac.cn/speedsearch?time=7，process:61%
2018-12-14 23:05:43.420214 -> Merging and generating rules and blocks on http://www.ceic.ac.cn/speedsearch?time=7，process:62%
2018-12-14 23:05:43.610068 -> Merging and generating rules and blocks on http://www.ceic.ac.cn/speedsearch?time=7，process:64%
2018-12-14 23:05:43.631636 -> Merging and generating rules and blocks on http://www.ceic.ac.cn/speedsearch?time=7，process:66%
2018-12-14 23:05:43.653297 -> Merging and generating rules and blocks on http://www.ceic.ac.cn/speedsearch?time=7，process:68%
2018-12-14 23:05:43.675418 -> Merging and generating rules and blocks on http://www.ceic.ac.cn/speedsearch?time=7，process:70%
2018-12-14 23:05:43.697095 -> Merging and generating rules and blocks on http://www.ceic.ac.cn/speedsearch?time=7，process:71%
2018-12-14 23:05:43.718965 -> Merging and generating rules and blocks on http://www.ceic.ac.cn/speedsearch?time=7，process:73%
2018-12-14 23:05:43.741177 -> Merging and generating rules and blocks on http://www.ceic.ac.cn/speedsearch?time=7，process:75%
2018-12-14 23:05:43.826959 -> Merging and generating rules and blocks on http://www.ceic.ac.cn/speedsearch?time=7，process:77%
2018-12-14 23:05:43.888904 -> Merging and generating rules and blocks on http://www.ceic.ac.cn/speedsearch?time=7，process:79%
2018-12-14 23:05:43.945400 -> Merging and generating rules and blocks on http://www.ceic.ac.cn/speedsearch?time=7，process:80%
2018-12-14 23:05:44.002806 -> Merging and generating rules and blocks on http://www.ceic.ac.cn/speedsearch?time=7，process:82%
2018-12-14 23:05:44.059680 -> Merging and generating rules and blocks on http://www.ceic.ac.cn/speedsearch?time=7，process:84%
2018-12-14 23:05:44.117366 -> Merging and generating rules and blocks on http://www.ceic.ac.cn/speedsearch?time=7，process:86%
2018-12-14 23:05:44.181405 -> Merging and generating rules and blocks on http://www.ceic.ac.cn/speedsearch?time=7，process:88%
2018-12-14 23:05:44.244043 -> Merging and generating rules and blocks on http://www.ceic.ac.cn/speedsearch?time=7，process:89%
2018-12-14 23:05:44.449927 -> Merging and generating rules and blocks on http://www.ceic.ac.cn/speedsearch?time=7，process:91%
2018-12-14 23:05:44.478069 -> Merging and generating rules and blocks on http://www.ceic.ac.cn/speedsearch?time=7，process:93%
2018-12-14 23:05:44.505853 -> Merging and generating rules and blocks on http://www.ceic.ac.cn/speedsearch?time=7，process:95%
2018-12-14 23:05:44.578802 -> Merging and generating rules and blocks on http://www.ceic.ac.cn/speedsearch?time=7，process:96%
2018-12-14 23:05:44.600465 -> Merging and generating rules and blocks on http://www.ceic.ac.cn/speedsearch?time=7，process:98%
2018-12-14 23:05:44.626908 -> Selecting the main segment on http://www.ceic.ac.cn/speedsearch?time=7
2018-12-14 23:05:45.265770 -> Generating sections on http://www.ceic.ac.cn/speedsearch?time=7
2018-12-14 23:05:46.573863 -> Generating api_info on  http://www.ceic.ac.cn/speedsearch?time=7
2018-12-14 23:05:46.623624 -> Generating rules on  http://www.ceic.ac.cn/speedsearch?time=7
2018-12-14 23:05:46.623929 -> Output Result JSON File on  http://www.ceic.ac.cn/speedsearch?time=7
2018-12-14 23:05:46.634361 -> Finished on  http://www.ceic.ac.cn/speedsearch?time=7
200 http://127.0.0.1:8000/statics/15447999307278/api_info.json
