2018-12-16 17:19:05.096498 -> Crawl HTML Document from http://www.ceic.ac.cn/speedsearch?time=7,please wait for about 40s(max 60s)
2018-12-16 17:19:10.366313 -> Handling the input forms on http://www.ceic.ac.cn/speedsearch?time=7
2018-12-16 17:19:10.366389 -> Run Pruning on http://www.ceic.ac.cn/speedsearch?time=7
2018-12-16 17:19:10.368340 -> Run Partial Tree Matching on http://www.ceic.ac.cn/speedsearch?time=7
2018-12-16 17:19:10.383351 -> Run Backtracking on http://www.ceic.ac.cn/speedsearch?time=7
2018-12-16 17:19:10.383597 -> Merging and generating rules and blocks on http://www.ceic.ac.cn/speedsearch?time=7,process:0%
2018-12-16 17:19:10.383653 -> Merging and generating rules and blocks on http://www.ceic.ac.cn/speedsearch?time=7，process:0%
2018-12-16 17:19:10.405864 -> Merging and generating rules and blocks on http://www.ceic.ac.cn/speedsearch?time=7，process:2%
2018-12-16 17:19:10.427002 -> Merging and generating rules and blocks on http://www.ceic.ac.cn/speedsearch?time=7，process:4%
2018-12-16 17:19:10.447204 -> Merging and generating rules and blocks on http://www.ceic.ac.cn/speedsearch?time=7，process:5%
2018-12-16 17:19:10.469783 -> Merging and generating rules and blocks on http://www.ceic.ac.cn/speedsearch?time=7，process:7%
2018-12-16 17:19:10.490519 -> Merging and generating rules and blocks on http://www.ceic.ac.cn/speedsearch?time=7，process:9%
2018-12-16 17:19:10.511093 -> Merging and generating rules and blocks on http://www.ceic.ac.cn/speedsearch?time=7，process:11%
2018-12-16 17:19:10.830083 -> Merging and generating rules and blocks on http://www.ceic.ac.cn/speedsearch?time=7，process:12%
2018-12-16 17:19:10.883118 -> Merging and generating rules and blocks on http://www.ceic.ac.cn/speedsearch?time=7，process:14%
2018-12-16 17:19:11.139840 -> Merging and generating rules and blocks on http://www.ceic.ac.cn/speedsearch?time=7，process:16%
2018-12-16 17:19:11.195709 -> Merging and generating rules and blocks on http://www.ceic.ac.cn/speedsearch?time=7，process:18%
2018-12-16 17:19:11.247480 -> Merging and generating rules and blocks on http://www.ceic.ac.cn/speedsearch?time=7，process:20%
2018-12-16 17:19:11.301398 -> Merging and generating rules and blocks on http://www.ceic.ac.cn/speedsearch?time=7，process:21%
2018-12-16 17:19:11.644153 -> Merging and generating rules and blocks on http://www.ceic.ac.cn/speedsearch?time=7，process:23%
2018-12-16 17:19:12.161777 -> Merging and generating rules and blocks on http://www.ceic.ac.cn/speedsearch?time=7，process:25%
2018-12-16 17:19:12.197801 -> Merging and generating rules and blocks on http://www.ceic.ac.cn/speedsearch?time=7，process:27%
2018-12-16 17:19:12.234540 -> Merging and generating rules and blocks on http://www.ceic.ac.cn/speedsearch?time=7，process:29%
2018-12-16 17:19:12.416561 -> Merging and generating rules and blocks on http://www.ceic.ac.cn/speedsearch?time=7，process:30%
2018-12-16 17:19:12.606800 -> Merging and generating rules and blocks on http://www.ceic.ac.cn/speedsearch?time=7，process:32%
2018-12-16 17:19:12.799188 -> Merging and generating rules and blocks on http://www.ceic.ac.cn/speedsearch?time=7，process:34%
2018-12-16 17:19:12.981699 -> Merging and generating rules and blocks on http://www.ceic.ac.cn/speedsearch?time=7，process:36%
2018-12-16 17:19:13.172158 -> Merging and generating rules and blocks on http://www.ceic.ac.cn/speedsearch?time=7，process:38%
2018-12-16 17:19:13.366453 -> Merging and generating rules and blocks on http://www.ceic.ac.cn/speedsearch?time=7，process:39%
2018-12-16 17:19:13.552815 -> Merging and generating rules and blocks on http://www.ceic.ac.cn/speedsearch?time=7，process:41%
2018-12-16 17:19:13.741314 -> Merging and generating rules and blocks on http://www.ceic.ac.cn/speedsearch?time=7，process:43%
2018-12-16 17:19:13.927424 -> Merging and generating rules and blocks on http://www.ceic.ac.cn/speedsearch?time=7，process:45%
2018-12-16 17:19:14.111662 -> Merging and generating rules and blocks on http://www.ceic.ac.cn/speedsearch?time=7，process:46%
2018-12-16 17:19:14.301081 -> Merging and generating rules and blocks on http://www.ceic.ac.cn/speedsearch?time=7，process:48%
2018-12-16 17:19:14.489195 -> Merging and generating rules and blocks on http://www.ceic.ac.cn/speedsearch?time=7，process:50%
2018-12-16 17:19:14.673862 -> Merging and generating rules and blocks on http://www.ceic.ac.cn/speedsearch?time=7，process:52%
2018-12-16 17:19:14.855005 -> Merging and generating rules and blocks on http://www.ceic.ac.cn/speedsearch?time=7，process:54%
2018-12-16 17:19:15.040730 -> Merging and generating rules and blocks on http://www.ceic.ac.cn/speedsearch?time=7，process:55%
2018-12-16 17:19:15.227481 -> Merging and generating rules and blocks on http://www.ceic.ac.cn/speedsearch?time=7，process:57%
2018-12-16 17:19:15.431714 -> Merging and generating rules and blocks on http://www.ceic.ac.cn/speedsearch?time=7，process:59%
2018-12-16 17:19:15.626884 -> Merging and generating rules and blocks on http://www.ceic.ac.cn/speedsearch?time=7，process:61%
2018-12-16 17:19:15.824888 -> Merging and generating rules and blocks on http://www.ceic.ac.cn/speedsearch?time=7，process:62%
2018-12-16 17:19:16.009436 -> Merging and generating rules and blocks on http://www.ceic.ac.cn/speedsearch?time=7，process:64%
2018-12-16 17:19:16.031017 -> Merging and generating rules and blocks on http://www.ceic.ac.cn/speedsearch?time=7，process:66%
2018-12-16 17:19:16.052790 -> Merging and generating rules and blocks on http://www.ceic.ac.cn/speedsearch?time=7，process:68%
2018-12-16 17:19:16.076086 -> Merging and generating rules and blocks on http://www.ceic.ac.cn/speedsearch?time=7，process:70%
2018-12-16 17:19:16.098276 -> Merging and generating rules and blocks on http://www.ceic.ac.cn/speedsearch?time=7，process:71%
2018-12-16 17:19:16.120860 -> Merging and generating rules and blocks on http://www.ceic.ac.cn/speedsearch?time=7，process:73%
2018-12-16 17:19:16.142752 -> Merging and generating rules and blocks on http://www.ceic.ac.cn/speedsearch?time=7，process:75%
2018-12-16 17:19:16.227572 -> Merging and generating rules and blocks on http://www.ceic.ac.cn/speedsearch?time=7，process:77%
2018-12-16 17:19:16.283143 -> Merging and generating rules and blocks on http://www.ceic.ac.cn/speedsearch?time=7，process:79%
2018-12-16 17:19:16.342386 -> Merging and generating rules and blocks on http://www.ceic.ac.cn/speedsearch?time=7，process:80%
2018-12-16 17:19:16.403537 -> Merging and generating rules and blocks on http://www.ceic.ac.cn/speedsearch?time=7，process:82%
2018-12-16 17:19:16.460152 -> Merging and generating rules and blocks on http://www.ceic.ac.cn/speedsearch?time=7，process:84%
2018-12-16 17:19:16.517125 -> Merging and generating rules and blocks on http://www.ceic.ac.cn/speedsearch?time=7，process:86%
2018-12-16 17:19:16.574586 -> Merging and generating rules and blocks on http://www.ceic.ac.cn/speedsearch?time=7，process:88%
2018-12-16 17:19:16.631911 -> Merging and generating rules and blocks on http://www.ceic.ac.cn/speedsearch?time=7，process:89%
2018-12-16 17:19:16.826166 -> Merging and generating rules and blocks on http://www.ceic.ac.cn/speedsearch?time=7，process:91%
2018-12-16 17:19:16.847689 -> Merging and generating rules and blocks on http://www.ceic.ac.cn/speedsearch?time=7，process:93%
2018-12-16 17:19:16.869456 -> Merging and generating rules and blocks on http://www.ceic.ac.cn/speedsearch?time=7，process:95%
2018-12-16 17:19:16.933344 -> Merging and generating rules and blocks on http://www.ceic.ac.cn/speedsearch?time=7，process:96%
2018-12-16 17:19:16.955269 -> Merging and generating rules and blocks on http://www.ceic.ac.cn/speedsearch?time=7，process:98%
2018-12-16 17:19:16.981399 -> Selecting the main segment on http://www.ceic.ac.cn/speedsearch?time=7
2018-12-16 17:19:17.586191 -> Generating sections on http://www.ceic.ac.cn/speedsearch?time=7
2018-12-16 17:19:18.830656 -> Generating api_info on  http://www.ceic.ac.cn/speedsearch?time=7
2018-12-16 17:19:18.885965 -> Generating rules on  http://www.ceic.ac.cn/speedsearch?time=7
2018-12-16 17:19:18.886266 -> Output Result JSON File on  http://www.ceic.ac.cn/speedsearch?time=7
2018-12-16 17:19:18.897276 -> Finished on  http://www.ceic.ac.cn/speedsearch?time=7
200 http://127.0.0.1:8000/statics/15449519436680/api_info.json
