2018-12-14 23:00:21.010103 -> Crawl HTML Document from http://www.ceic.ac.cn/speedsearch?time=7,please wait for about 40s(max 60s)
2018-12-14 23:00:27.241348 -> Handling the input forms on http://www.ceic.ac.cn/speedsearch?time=7
2018-12-14 23:00:27.241442 -> Run Pruning on http://www.ceic.ac.cn/speedsearch?time=7
2018-12-14 23:00:27.243575 -> Run Partial Tree Matching on http://www.ceic.ac.cn/speedsearch?time=7
2018-12-14 23:00:27.263864 -> Run Backtracking on http://www.ceic.ac.cn/speedsearch?time=7
2018-12-14 23:00:27.264106 -> Merging and generating rules and blocks on http://www.ceic.ac.cn/speedsearch?time=7,process:0%
2018-12-14 23:00:27.264161 -> Merging and generating rules and blocks on http://www.ceic.ac.cn/speedsearch?time=7，process:0%
2018-12-14 23:00:27.287631 -> Merging and generating rules and blocks on http://www.ceic.ac.cn/speedsearch?time=7，process:2%
2018-12-14 23:00:27.309482 -> Merging and generating rules and blocks on http://www.ceic.ac.cn/speedsearch?time=7，process:4%
2018-12-14 23:00:27.330677 -> Merging and generating rules and blocks on http://www.ceic.ac.cn/speedsearch?time=7，process:5%
2018-12-14 23:00:27.353806 -> Merging and generating rules and blocks on http://www.ceic.ac.cn/speedsearch?time=7，process:7%
2018-12-14 23:00:27.375092 -> Merging and generating rules and blocks on http://www.ceic.ac.cn/speedsearch?time=7，process:9%
2018-12-14 23:00:27.396437 -> Merging and generating rules and blocks on http://www.ceic.ac.cn/speedsearch?time=7，process:11%
2018-12-14 23:00:27.711192 -> Merging and generating rules and blocks on http://www.ceic.ac.cn/speedsearch?time=7，process:12%
2018-12-14 23:00:27.765892 -> Merging and generating rules and blocks on http://www.ceic.ac.cn/speedsearch?time=7，process:14%
2018-12-14 23:00:28.034804 -> Merging and generating rules and blocks on http://www.ceic.ac.cn/speedsearch?time=7，process:16%
2018-12-14 23:00:28.086414 -> Merging and generating rules and blocks on http://www.ceic.ac.cn/speedsearch?time=7，process:18%
2018-12-14 23:00:28.139218 -> Merging and generating rules and blocks on http://www.ceic.ac.cn/speedsearch?time=7，process:20%
2018-12-14 23:00:28.192365 -> Merging and generating rules and blocks on http://www.ceic.ac.cn/speedsearch?time=7，process:21%
2018-12-14 23:00:28.549689 -> Merging and generating rules and blocks on http://www.ceic.ac.cn/speedsearch?time=7，process:23%
2018-12-14 23:00:29.069281 -> Merging and generating rules and blocks on http://www.ceic.ac.cn/speedsearch?time=7，process:25%
2018-12-14 23:00:29.105011 -> Merging and generating rules and blocks on http://www.ceic.ac.cn/speedsearch?time=7，process:27%
2018-12-14 23:00:29.141825 -> Merging and generating rules and blocks on http://www.ceic.ac.cn/speedsearch?time=7，process:29%
2018-12-14 23:00:29.338953 -> Merging and generating rules and blocks on http://www.ceic.ac.cn/speedsearch?time=7，process:30%
2018-12-14 23:00:29.516342 -> Merging and generating rules and blocks on http://www.ceic.ac.cn/speedsearch?time=7，process:32%
2018-12-14 23:00:29.712386 -> Merging and generating rules and blocks on http://www.ceic.ac.cn/speedsearch?time=7，process:34%
2018-12-14 23:00:29.920194 -> Merging and generating rules and blocks on http://www.ceic.ac.cn/speedsearch?time=7，process:36%
2018-12-14 23:00:30.116939 -> Merging and generating rules and blocks on http://www.ceic.ac.cn/speedsearch?time=7，process:38%
2018-12-14 23:00:30.320896 -> Merging and generating rules and blocks on http://www.ceic.ac.cn/speedsearch?time=7，process:39%
2018-12-14 23:00:30.497974 -> Merging and generating rules and blocks on http://www.ceic.ac.cn/speedsearch?time=7，process:41%
2018-12-14 23:00:30.675566 -> Merging and generating rules and blocks on http://www.ceic.ac.cn/speedsearch?time=7，process:43%
2018-12-14 23:00:30.862625 -> Merging and generating rules and blocks on http://www.ceic.ac.cn/speedsearch?time=7，process:45%
2018-12-14 23:00:31.053675 -> Merging and generating rules and blocks on http://www.ceic.ac.cn/speedsearch?time=7，process:46%
2018-12-14 23:00:31.249215 -> Merging and generating rules and blocks on http://www.ceic.ac.cn/speedsearch?time=7，process:48%
2018-12-14 23:00:31.435636 -> Merging and generating rules and blocks on http://www.ceic.ac.cn/speedsearch?time=7，process:50%
2018-12-14 23:00:31.619696 -> Merging and generating rules and blocks on http://www.ceic.ac.cn/speedsearch?time=7，process:52%
2018-12-14 23:00:31.805276 -> Merging and generating rules and blocks on http://www.ceic.ac.cn/speedsearch?time=7，process:54%
2018-12-14 23:00:32.008079 -> Merging and generating rules and blocks on http://www.ceic.ac.cn/speedsearch?time=7，process:55%
2018-12-14 23:00:32.203165 -> Merging and generating rules and blocks on http://www.ceic.ac.cn/speedsearch?time=7，process:57%
2018-12-14 23:00:32.415514 -> Merging and generating rules and blocks on http://www.ceic.ac.cn/speedsearch?time=7，process:59%
2018-12-14 23:00:32.596008 -> Merging and generating rules and blocks on http://www.ceic.ac.cn/speedsearch?time=7，process:61%
2018-12-14 23:00:32.780894 -> Merging and generating rules and blocks on http://www.ceic.ac.cn/speedsearch?time=7，process:62%
2018-12-14 23:00:32.977237 -> Merging and generating rules and blocks on http://www.ceic.ac.cn/speedsearch?time=7，process:64%
2018-12-14 23:00:32.998456 -> Merging and generating rules and blocks on http://www.ceic.ac.cn/speedsearch?time=7，process:66%
2018-12-14 23:00:33.020461 -> Merging and generating rules and blocks on http://www.ceic.ac.cn/speedsearch?time=7，process:68%
2018-12-14 23:00:33.043505 -> Merging and generating rules and blocks on http://www.ceic.ac.cn/speedsearch?time=7，process:70%
2018-12-14 23:00:33.065042 -> Merging and generating rules and blocks on http://www.ceic.ac.cn/speedsearch?time=7，process:71%
2018-12-14 23:00:33.086807 -> Merging and generating rules and blocks on http://www.ceic.ac.cn/speedsearch?time=7，process:73%
2018-12-14 23:00:33.108890 -> Merging and generating rules and blocks on http://www.ceic.ac.cn/speedsearch?time=7，process:75%
2018-12-14 23:00:33.201444 -> Merging and generating rules and blocks on http://www.ceic.ac.cn/speedsearch?time=7，process:77%
2018-12-14 23:00:33.285050 -> Merging and generating rules and blocks on http://www.ceic.ac.cn/speedsearch?time=7，process:79%
2018-12-14 23:00:33.343609 -> Merging and generating rules and blocks on http://www.ceic.ac.cn/speedsearch?time=7，process:80%
2018-12-14 23:00:33.403337 -> Merging and generating rules and blocks on http://www.ceic.ac.cn/speedsearch?time=7，process:82%
2018-12-14 23:00:33.460358 -> Merging and generating rules and blocks on http://www.ceic.ac.cn/speedsearch?time=7，process:84%
2018-12-14 23:00:33.517532 -> Merging and generating rules and blocks on http://www.ceic.ac.cn/speedsearch?time=7，process:86%
2018-12-14 23:00:33.574703 -> Merging and generating rules and blocks on http://www.ceic.ac.cn/speedsearch?time=7，process:88%
2018-12-14 23:00:33.636054 -> Merging and generating rules and blocks on http://www.ceic.ac.cn/speedsearch?time=7，process:89%
2018-12-14 23:00:33.829182 -> Merging and generating rules and blocks on http://www.ceic.ac.cn/speedsearch?time=7，process:91%
2018-12-14 23:00:33.852454 -> Merging and generating rules and blocks on http://www.ceic.ac.cn/speedsearch?time=7，process:93%
2018-12-14 23:00:33.877138 -> Merging and generating rules and blocks on http://www.ceic.ac.cn/speedsearch?time=7，process:95%
2018-12-14 23:00:33.945607 -> Merging and generating rules and blocks on http://www.ceic.ac.cn/speedsearch?time=7，process:96%
2018-12-14 23:00:33.970372 -> Merging and generating rules and blocks on http://www.ceic.ac.cn/speedsearch?time=7，process:98%
2018-12-14 23:00:33.998217 -> Selecting the main segment on http://www.ceic.ac.cn/speedsearch?time=7
2018-12-14 23:00:34.624464 -> Generating sections on http://www.ceic.ac.cn/speedsearch?time=7
2018-12-14 23:00:35.911557 -> Generating api_info on  http://www.ceic.ac.cn/speedsearch?time=7
2018-12-14 23:00:35.965632 -> Generating rules on  http://www.ceic.ac.cn/speedsearch?time=7
2018-12-14 23:00:35.966040 -> Output Result JSON File on  http://www.ceic.ac.cn/speedsearch?time=7
2018-12-14 23:00:35.977464 -> Finished on  http://www.ceic.ac.cn/speedsearch?time=7
200 http://127.0.0.1:8000/statics/15447996199515/api_info.json
