2018-12-19 15:38:09.728779 -> Crawl HTML Document from http://www.ceic.ac.cn/speedsearch?time=7,please wait for about 40s(max 60s)
2018-12-19 15:38:14.989191 -> Handling the input forms on http://www.ceic.ac.cn/speedsearch?time=7
2018-12-19 15:38:14.989268 -> Run Pruning on http://www.ceic.ac.cn/speedsearch?time=7
2018-12-19 15:38:14.991145 -> Run Partial Tree Matching on http://www.ceic.ac.cn/speedsearch?time=7
2018-12-19 15:38:15.006460 -> Run Backtracking on http://www.ceic.ac.cn/speedsearch?time=7
2018-12-19 15:38:15.006683 -> Merging and generating rules and blocks on http://www.ceic.ac.cn/speedsearch?time=7,process:0%
2018-12-19 15:38:15.006734 -> Merging and generating rules and blocks on http://www.ceic.ac.cn/speedsearch?time=7，process:0%
2018-12-19 15:38:15.029073 -> Merging and generating rules and blocks on http://www.ceic.ac.cn/speedsearch?time=7，process:2%
2018-12-19 15:38:15.050061 -> Merging and generating rules and blocks on http://www.ceic.ac.cn/speedsearch?time=7，process:4%
2018-12-19 15:38:15.070091 -> Merging and generating rules and blocks on http://www.ceic.ac.cn/speedsearch?time=7，process:5%
2018-12-19 15:38:15.090917 -> Merging and generating rules and blocks on http://www.ceic.ac.cn/speedsearch?time=7，process:7%
2018-12-19 15:38:15.111840 -> Merging and generating rules and blocks on http://www.ceic.ac.cn/speedsearch?time=7，process:9%
2018-12-19 15:38:15.132305 -> Merging and generating rules and blocks on http://www.ceic.ac.cn/speedsearch?time=7，process:11%
2018-12-19 15:38:15.448982 -> Merging and generating rules and blocks on http://www.ceic.ac.cn/speedsearch?time=7，process:12%
2018-12-19 15:38:15.501101 -> Merging and generating rules and blocks on http://www.ceic.ac.cn/speedsearch?time=7，process:14%
2018-12-19 15:38:15.751605 -> Merging and generating rules and blocks on http://www.ceic.ac.cn/speedsearch?time=7，process:16%
2018-12-19 15:38:15.803786 -> Merging and generating rules and blocks on http://www.ceic.ac.cn/speedsearch?time=7，process:18%
2018-12-19 15:38:15.857025 -> Merging and generating rules and blocks on http://www.ceic.ac.cn/speedsearch?time=7，process:20%
2018-12-19 15:38:15.909209 -> Merging and generating rules and blocks on http://www.ceic.ac.cn/speedsearch?time=7，process:21%
2018-12-19 15:38:16.236445 -> Merging and generating rules and blocks on http://www.ceic.ac.cn/speedsearch?time=7，process:23%
2018-12-19 15:38:16.747132 -> Merging and generating rules and blocks on http://www.ceic.ac.cn/speedsearch?time=7，process:25%
2018-12-19 15:38:16.783123 -> Merging and generating rules and blocks on http://www.ceic.ac.cn/speedsearch?time=7，process:27%
2018-12-19 15:38:16.818642 -> Merging and generating rules and blocks on http://www.ceic.ac.cn/speedsearch?time=7，process:29%
2018-12-19 15:38:16.996000 -> Merging and generating rules and blocks on http://www.ceic.ac.cn/speedsearch?time=7，process:30%
2018-12-19 15:38:17.173407 -> Merging and generating rules and blocks on http://www.ceic.ac.cn/speedsearch?time=7，process:32%
2018-12-19 15:38:17.357376 -> Merging and generating rules and blocks on http://www.ceic.ac.cn/speedsearch?time=7，process:34%
2018-12-19 15:38:17.539131 -> Merging and generating rules and blocks on http://www.ceic.ac.cn/speedsearch?time=7，process:36%
2018-12-19 15:38:17.717229 -> Merging and generating rules and blocks on http://www.ceic.ac.cn/speedsearch?time=7，process:38%
2018-12-19 15:38:17.902650 -> Merging and generating rules and blocks on http://www.ceic.ac.cn/speedsearch?time=7，process:39%
2018-12-19 15:38:18.081526 -> Merging and generating rules and blocks on http://www.ceic.ac.cn/speedsearch?time=7，process:41%
2018-12-19 15:38:18.255776 -> Merging and generating rules and blocks on http://www.ceic.ac.cn/speedsearch?time=7，process:43%
2018-12-19 15:38:18.431956 -> Merging and generating rules and blocks on http://www.ceic.ac.cn/speedsearch?time=7，process:45%
2018-12-19 15:38:18.612838 -> Merging and generating rules and blocks on http://www.ceic.ac.cn/speedsearch?time=7，process:46%
2018-12-19 15:38:18.794426 -> Merging and generating rules and blocks on http://www.ceic.ac.cn/speedsearch?time=7，process:48%
2018-12-19 15:38:18.974535 -> Merging and generating rules and blocks on http://www.ceic.ac.cn/speedsearch?time=7，process:50%
2018-12-19 15:38:19.159511 -> Merging and generating rules and blocks on http://www.ceic.ac.cn/speedsearch?time=7，process:52%
2018-12-19 15:38:19.348930 -> Merging and generating rules and blocks on http://www.ceic.ac.cn/speedsearch?time=7，process:54%
2018-12-19 15:38:19.535971 -> Merging and generating rules and blocks on http://www.ceic.ac.cn/speedsearch?time=7，process:55%
2018-12-19 15:38:19.715546 -> Merging and generating rules and blocks on http://www.ceic.ac.cn/speedsearch?time=7，process:57%
2018-12-19 15:38:19.924545 -> Merging and generating rules and blocks on http://www.ceic.ac.cn/speedsearch?time=7，process:59%
2018-12-19 15:38:20.131002 -> Merging and generating rules and blocks on http://www.ceic.ac.cn/speedsearch?time=7，process:61%
2018-12-19 15:38:20.323414 -> Merging and generating rules and blocks on http://www.ceic.ac.cn/speedsearch?time=7，process:62%
2018-12-19 15:38:20.511835 -> Merging and generating rules and blocks on http://www.ceic.ac.cn/speedsearch?time=7，process:64%
2018-12-19 15:38:20.539673 -> Merging and generating rules and blocks on http://www.ceic.ac.cn/speedsearch?time=7，process:66%
2018-12-19 15:38:20.561334 -> Merging and generating rules and blocks on http://www.ceic.ac.cn/speedsearch?time=7，process:68%
2018-12-19 15:38:20.583527 -> Merging and generating rules and blocks on http://www.ceic.ac.cn/speedsearch?time=7，process:70%
2018-12-19 15:38:20.605210 -> Merging and generating rules and blocks on http://www.ceic.ac.cn/speedsearch?time=7，process:71%
2018-12-19 15:38:20.627216 -> Merging and generating rules and blocks on http://www.ceic.ac.cn/speedsearch?time=7，process:73%
2018-12-19 15:38:20.649964 -> Merging and generating rules and blocks on http://www.ceic.ac.cn/speedsearch?time=7，process:75%
2018-12-19 15:38:20.735468 -> Merging and generating rules and blocks on http://www.ceic.ac.cn/speedsearch?time=7，process:77%
2018-12-19 15:38:20.791229 -> Merging and generating rules and blocks on http://www.ceic.ac.cn/speedsearch?time=7，process:79%
2018-12-19 15:38:20.845650 -> Merging and generating rules and blocks on http://www.ceic.ac.cn/speedsearch?time=7，process:80%
2018-12-19 15:38:20.903350 -> Merging and generating rules and blocks on http://www.ceic.ac.cn/speedsearch?time=7，process:82%
2018-12-19 15:38:20.959513 -> Merging and generating rules and blocks on http://www.ceic.ac.cn/speedsearch?time=7，process:84%
2018-12-19 15:38:21.017124 -> Merging and generating rules and blocks on http://www.ceic.ac.cn/speedsearch?time=7，process:86%
2018-12-19 15:38:21.073368 -> Merging and generating rules and blocks on http://www.ceic.ac.cn/speedsearch?time=7，process:88%
2018-12-19 15:38:21.128883 -> Merging and generating rules and blocks on http://www.ceic.ac.cn/speedsearch?time=7，process:89%
2018-12-19 15:38:21.324595 -> Merging and generating rules and blocks on http://www.ceic.ac.cn/speedsearch?time=7，process:91%
2018-12-19 15:38:21.345058 -> Merging and generating rules and blocks on http://www.ceic.ac.cn/speedsearch?time=7，process:93%
2018-12-19 15:38:21.365669 -> Merging and generating rules and blocks on http://www.ceic.ac.cn/speedsearch?time=7，process:95%
2018-12-19 15:38:21.426103 -> Merging and generating rules and blocks on http://www.ceic.ac.cn/speedsearch?time=7，process:96%
2018-12-19 15:38:21.446967 -> Merging and generating rules and blocks on http://www.ceic.ac.cn/speedsearch?time=7，process:98%
2018-12-19 15:38:21.471785 -> Selecting the main segment on http://www.ceic.ac.cn/speedsearch?time=7
2018-12-19 15:38:22.117360 -> Generating sections on http://www.ceic.ac.cn/speedsearch?time=7
2018-12-19 15:38:23.410743 -> Generating api_info on  http://www.ceic.ac.cn/speedsearch?time=7
2018-12-19 15:38:23.467423 -> Generating rules on  http://www.ceic.ac.cn/speedsearch?time=7
2018-12-19 15:38:23.467733 -> Output Result JSON File on  http://www.ceic.ac.cn/speedsearch?time=7
2018-12-19 15:38:23.479015 -> Finished on  http://www.ceic.ac.cn/speedsearch?time=7
200 http://127.0.0.1:8000/statics/15452050874459/api_info.json
